2024-07-17 19:38:44,563 INFO o.a.j.u.JMeterUtils: Setting Locale to en_EN
2024-07-17 19:38:44,603 INFO o.a.j.JMeter: Loading user properties from: /opt/jmeter/bin/user.properties
2024-07-17 19:38:44,604 INFO o.a.j.JMeter: Loading system properties from: /opt/jmeter/bin/system.properties
2024-07-17 19:38:44,616 INFO o.a.j.JMeter: Copyright (c) 1998-2024 The Apache Software Foundation
2024-07-17 19:38:44,616 INFO o.a.j.JMeter: Version 5.6.3
2024-07-17 19:38:44,617 INFO o.a.j.JMeter: java.version=11.0.23
2024-07-17 19:38:44,617 INFO o.a.j.JMeter: java.vm.name=OpenJDK 64-Bit Server VM
2024-07-17 19:38:44,618 INFO o.a.j.JMeter: os.name=Linux
2024-07-17 19:38:44,618 INFO o.a.j.JMeter: os.arch=amd64
2024-07-17 19:38:44,619 INFO o.a.j.JMeter: os.version=6.5.0-41-generic
2024-07-17 19:38:44,619 INFO o.a.j.JMeter: file.encoding=UTF-8
2024-07-17 19:38:44,619 INFO o.a.j.JMeter: java.awt.headless=true
2024-07-17 19:38:44,620 INFO o.a.j.JMeter: Max memory     =1073741824
2024-07-17 19:38:44,620 INFO o.a.j.JMeter: Available Processors =4
2024-07-17 19:38:44,633 INFO o.a.j.JMeter: Default Locale=English (EN)
2024-07-17 19:38:44,634 INFO o.a.j.JMeter: JMeter  Locale=English (EN)
2024-07-17 19:38:44,635 INFO o.a.j.JMeter: JMeterHome=/opt/jmeter
2024-07-17 19:38:44,635 INFO o.a.j.JMeter: user.dir  =/home/omar/Crowd-Funding-DApp
2024-07-17 19:38:44,635 INFO o.a.j.JMeter: PWD       =/home/omar/Crowd-Funding-DApp
2024-07-17 19:38:44,635 INFO o.a.j.JMeter: IP: 127.0.1.1 Name: omar-PORTEGE-Z30-A FullName: omar-PORTEGE-Z30-A
2024-07-17 19:38:44,655 INFO o.a.j.JMeter: Setting property 'jmeter.reportgenerator.outputdir' to:'/home/omar/Crowd-Funding-DApp/html_report'
2024-07-17 19:38:44,660 INFO o.a.j.r.d.ReportGenerator: ReportGenerator will use for Parsing the separator: ','
2024-07-17 19:38:44,661 INFO o.a.j.r.d.ReportGenerator: Will only generate report from results file: results.jtl
2024-07-17 19:38:44,661 INFO o.a.j.r.d.ReportGenerator: Reading report generator properties from: /opt/jmeter/bin/reportgenerator.properties
2024-07-17 19:38:44,666 INFO o.a.j.r.d.ReportGenerator: Merging with JMeter properties
2024-07-17 19:38:44,674 INFO o.a.j.r.c.ReportGeneratorConfiguration: Property 'jmeter.reportgenerator.temp_dir' not found, using default value 'temp' instead.
2024-07-17 19:38:44,677 INFO o.a.j.r.c.ReportGeneratorConfiguration: Property 'jmeter.reportgenerator.apdex_per_transaction' not found, using default value 'null' instead.
2024-07-17 19:38:44,685 INFO o.a.j.r.c.ReportGeneratorConfiguration: apdex_per_transaction is empty, not APDEX per transaction customization
2024-07-17 19:38:44,685 INFO o.a.j.r.c.ReportGeneratorConfiguration: Property 'jmeter.reportgenerator.sample_filter' not found, using default value 'null' instead.
2024-07-17 19:38:44,685 INFO o.a.j.r.c.ReportGeneratorConfiguration: Property 'jmeter.reportgenerator.report_title' not found, using default value 'null' instead.
2024-07-17 19:38:44,686 INFO o.a.j.r.c.ReportGeneratorConfiguration: Property 'jmeter.reportgenerator.start_date' not found, using default value 'null' instead.
2024-07-17 19:38:44,686 INFO o.a.j.r.c.ReportGeneratorConfiguration: Property 'jmeter.reportgenerator.end_date' not found, using default value 'null' instead.
2024-07-17 19:38:44,686 INFO o.a.j.r.c.ReportGeneratorConfiguration: Property 'jmeter.reportgenerator.date_format' not found, using default value 'null' instead.
2024-07-17 19:38:44,687 INFO o.a.j.r.c.ReportGeneratorConfiguration: Will use date range start date: null, end date: null
2024-07-17 19:38:44,695 INFO o.a.j.r.c.ReportGeneratorConfiguration: Property 'jmeter.reportgenerator.graph.totalTPS.exclude_controllers' not found, using default value 'false' instead.
2024-07-17 19:38:44,696 INFO o.a.j.r.c.ReportGeneratorConfiguration: Property 'jmeter.reportgenerator.graph.activeThreadsOverTime.exclude_controllers' not found, using default value 'false' instead.
2024-07-17 19:38:44,696 INFO o.a.j.r.c.ReportGeneratorConfiguration: Property 'jmeter.reportgenerator.graph.timeVsThreads.exclude_controllers' not found, using default value 'false' instead.
2024-07-17 19:38:44,696 INFO o.a.j.r.c.ReportGeneratorConfiguration: Property 'jmeter.reportgenerator.graph.responseTimeDistribution.exclude_controllers' not found, using default value 'false' instead.
2024-07-17 19:38:44,697 INFO o.a.j.r.c.ReportGeneratorConfiguration: Property 'jmeter.reportgenerator.graph.transactionsPerSecond.exclude_controllers' not found, using default value 'false' instead.
2024-07-17 19:38:44,697 INFO o.a.j.r.c.ReportGeneratorConfiguration: Property 'jmeter.reportgenerator.graph.responseTimePercentiles.exclude_controllers' not found, using default value 'false' instead.
2024-07-17 19:38:44,698 INFO o.a.j.r.c.ReportGeneratorConfiguration: Property 'jmeter.reportgenerator.graph.responseTimePercentilesOverTime.exclude_controllers' not found, using default value 'false' instead.
2024-07-17 19:38:44,698 INFO o.a.j.r.c.ReportGeneratorConfiguration: Property 'jmeter.reportgenerator.graph.responseTimesOverTime.exclude_controllers' not found, using default value 'false' instead.
2024-07-17 19:38:44,698 INFO o.a.j.r.c.ReportGeneratorConfiguration: Property 'jmeter.reportgenerator.graph.connectTimeOverTime.exclude_controllers' not found, using default value 'false' instead.
2024-07-17 19:38:44,699 INFO o.a.j.r.c.ReportGeneratorConfiguration: Property 'jmeter.reportgenerator.graph.latenciesOverTime.exclude_controllers' not found, using default value 'false' instead.
2024-07-17 19:38:44,700 INFO o.a.j.r.c.ReportGeneratorConfiguration: Property 'jmeter.reportgenerator.exporter.json.filters_only_sample_series' not found, using default value 'true' instead.
2024-07-17 19:38:44,701 INFO o.a.j.r.c.ReportGeneratorConfiguration: Property 'jmeter.reportgenerator.exporter.json.series_filter' not found, using default value '' instead.
2024-07-17 19:38:44,701 INFO o.a.j.r.c.ReportGeneratorConfiguration: Property 'jmeter.reportgenerator.exporter.json.show_controllers_only' not found, using default value 'false' instead.
2024-07-17 19:38:44,702 INFO o.a.j.r.c.ReportGeneratorConfiguration: Property 'jmeter.reportgenerator.exporter.html.filters_only_sample_series' not found, using default value 'true' instead.
2024-07-17 19:38:44,702 INFO o.a.j.r.c.ReportGeneratorConfiguration: Property 'jmeter.reportgenerator.exporter.html.series_filter' not found, using default value '' instead.
2024-07-17 19:38:44,702 INFO o.a.j.r.c.ReportGeneratorConfiguration: Property 'jmeter.reportgenerator.exporter.html.show_controllers_only' not found, using default value 'false' instead.
2024-07-17 19:38:45,019 INFO o.a.j.s.SaveService: Testplan (JMX) version: 2.2. Testlog (JTL) version: 2.2
2024-07-17 19:38:45,048 INFO o.a.j.s.SaveService: Using SaveService properties version 5.0
2024-07-17 19:38:45,052 INFO o.a.j.s.SaveService: Using SaveService properties file encoding UTF-8
2024-07-17 19:38:45,081 INFO o.a.j.r.p.NormalizerSampleConsumer: Using format, 'ms', to parse timeStamp field
2024-07-17 19:38:45,216 INFO o.a.j.r.p.AbstractSampleConsumer: class org.apache.jmeter.report.processor.AggregateConsumer#stopProducing(): beginDate produced 0 samples
2024-07-17 19:38:45,216 INFO o.a.j.r.p.AbstractSampleConsumer: class org.apache.jmeter.report.processor.AggregateConsumer#stopProducing(): endDate produced 0 samples
2024-07-17 19:38:45,220 INFO o.a.j.r.p.AbstractSampleConsumer: class org.apache.jmeter.report.processor.ApdexSummaryConsumer#stopProducing(): apdexSummary produced 0 samples
2024-07-17 19:38:45,220 INFO o.a.j.r.p.AbstractSampleConsumer: class org.apache.jmeter.report.processor.RequestsSummaryConsumer#stopProducing(): requestsSummary produced 0 samples
2024-07-17 19:38:45,228 INFO o.a.j.r.p.AbstractSampleConsumer: class org.apache.jmeter.report.processor.StatisticsSummaryConsumer#stopProducing(): statisticsSummary produced 0 samples
2024-07-17 19:38:45,234 INFO o.a.j.r.p.AbstractSampleConsumer: class org.apache.jmeter.report.processor.Top5ErrorsBySamplerConsumer#stopProducing(): top5ErrorsBySampler produced 0 samples
2024-07-17 19:38:45,234 INFO o.a.j.r.p.AbstractSampleConsumer: class org.apache.jmeter.report.processor.ErrorsSummaryConsumer#stopProducing(): errorsSummary produced 0 samples
2024-07-17 19:38:45,235 INFO o.a.j.r.p.AbstractSampleConsumer: class org.apache.jmeter.report.processor.graph.impl.HitsPerSecondGraphConsumer#stopProducing(): hitsPerSecond produced 0 samples
2024-07-17 19:38:45,261 INFO o.a.j.r.p.AbstractSampleConsumer: class org.apache.jmeter.report.processor.graph.impl.LatencyVSRequestGraphConsumer#stopProducing(): latencyVsRequest produced 0 samples
2024-07-17 19:38:45,261 INFO o.a.j.r.p.AbstractSampleConsumer: class org.apache.jmeter.report.processor.graph.impl.SyntheticResponseTimeDistributionGraphConsumer#stopProducing(): syntheticResponseTimeDistribution produced 0 samples
2024-07-17 19:38:45,262 INFO o.a.j.r.p.AbstractSampleConsumer: class org.apache.jmeter.report.processor.graph.impl.BytesThroughputGraphConsumer#stopProducing(): bytesThroughputOverTime produced 0 samples
2024-07-17 19:38:45,262 INFO o.a.j.r.p.AbstractSampleConsumer: class org.apache.jmeter.report.processor.graph.impl.CodesPerSecondGraphConsumer#stopProducing(): codesPerSecond produced 0 samples
2024-07-17 19:38:45,270 INFO o.a.j.r.p.AbstractSampleConsumer: class org.apache.jmeter.report.processor.graph.impl.ResponseTimeVSRequestGraphConsumer#stopProducing(): responseTimeVsRequest produced 0 samples
2024-07-17 19:38:45,271 INFO o.a.j.r.p.AbstractSampleConsumer: class org.apache.jmeter.report.processor.FilterConsumer#stopProducing(): startIntervalControlerFilter produced 280 samples
2024-07-17 19:38:45,271 INFO o.a.j.r.p.AbstractSampleConsumer: class org.apache.jmeter.report.processor.graph.impl.TotalTPSGraphConsumer#stopProducing(): totalTPS produced 0 samples
2024-07-17 19:38:45,271 INFO o.a.j.r.p.AbstractSampleConsumer: class org.apache.jmeter.report.processor.graph.impl.ActiveThreadsGraphConsumer#stopProducing(): activeThreadsOverTime produced 0 samples
2024-07-17 19:38:45,272 INFO o.a.j.r.p.AbstractSampleConsumer: class org.apache.jmeter.report.processor.graph.impl.TimeVSThreadGraphConsumer#stopProducing(): timeVsThreads produced 0 samples
2024-07-17 19:38:45,272 INFO o.a.j.r.p.AbstractSampleConsumer: class org.apache.jmeter.report.processor.graph.impl.ResponseTimeDistributionGraphConsumer#stopProducing(): responseTimeDistribution produced 0 samples
2024-07-17 19:38:45,273 INFO o.a.j.r.p.AbstractSampleConsumer: class org.apache.jmeter.report.processor.graph.impl.TransactionsPerSecondGraphConsumer#stopProducing(): transactionsPerSecond produced 0 samples
2024-07-17 19:38:45,273 INFO o.a.j.r.p.AbstractSampleConsumer: class org.apache.jmeter.report.processor.graph.impl.ResponseTimePercentilesGraphConsumer#stopProducing(): responseTimePercentiles produced 0 samples
2024-07-17 19:38:45,275 INFO o.a.j.r.p.AbstractSampleConsumer: class org.apache.jmeter.report.processor.graph.impl.ResponseTimePercentilesOverTimeGraphConsumer#stopProducing(): responseTimePercentilesOverTime produced 0 samples
2024-07-17 19:38:45,276 INFO o.a.j.r.p.AbstractSampleConsumer: class org.apache.jmeter.report.processor.graph.impl.ResponseTimeOverTimeGraphConsumer#stopProducing(): responseTimesOverTime produced 0 samples
2024-07-17 19:38:45,276 INFO o.a.j.r.p.AbstractSampleConsumer: class org.apache.jmeter.report.processor.graph.impl.ConnectTimeOverTimeGraphConsumer#stopProducing(): connectTimeOverTime produced 0 samples
2024-07-17 19:38:45,276 INFO o.a.j.r.p.AbstractSampleConsumer: class org.apache.jmeter.report.processor.graph.impl.LatencyOverTimeGraphConsumer#stopProducing(): latenciesOverTime produced 0 samples
2024-07-17 19:38:45,277 INFO o.a.j.r.p.AbstractSampleConsumer: class org.apache.jmeter.report.processor.FilterConsumer#stopProducing(): nameFilter produced 600 samples
2024-07-17 19:38:45,277 INFO o.a.j.r.p.AbstractSampleConsumer: class org.apache.jmeter.report.processor.FilterConsumer#stopProducing(): dateRangeFilter produced 120 samples
2024-07-17 19:38:45,277 INFO o.a.j.r.p.AbstractSampleConsumer: class org.apache.jmeter.report.processor.NormalizerSampleConsumer#stopProducing(): normalizer produced 40 samples
2024-07-17 19:38:45,278 INFO o.a.j.r.p.CsvFileSampleSource: produce(): 40 samples produced in 156ms on channel 0
2024-07-17 19:38:45,279 INFO o.a.j.r.d.ReportGenerator: Exporting data using exporter:'json' of className:'org.apache.jmeter.report.dashboard.JsonExporter'
2024-07-17 19:38:45,375 INFO o.a.j.r.d.JsonExporter: Found data for consumer statisticsSummary in context
2024-07-17 19:38:45,375 INFO o.a.j.r.d.JsonExporter: Creating statistics for overall
2024-07-17 19:38:45,376 INFO o.a.j.r.d.JsonExporter: Creating statistics for other transactions
2024-07-17 19:38:45,376 INFO o.a.j.r.d.JsonExporter: Checking output folder
2024-07-17 19:38:45,377 INFO o.a.j.r.d.JsonExporter: Writing statistics JSON to /home/omar/Crowd-Funding-DApp/html_report/statistics.json
2024-07-17 19:38:45,446 INFO o.a.j.r.d.ReportGenerator: Exporting data using exporter:'html' of className:'org.apache.jmeter.report.dashboard.HtmlTemplateExporter'
2024-07-17 19:38:45,450 INFO o.a.j.r.d.HtmlTemplateExporter: Will generate dashboard in folder: /home/omar/Crowd-Funding-DApp/html_report
2024-07-17 19:38:45,643 INFO o.a.j.r.d.HtmlTemplateExporter: Report will be generated in: /home/omar/Crowd-Funding-DApp/html_report, creating folder structure
2024-07-17 19:38:45,646 INFO o.a.j.r.d.TemplateVisitor: Copying folder from '/opt/jmeter/bin/report-template' to '/home/omar/Crowd-Funding-DApp/html_report', got message: /home/omar/Crowd-Funding-DApp/html_report, found non empty folder with following content [/home/omar/Crowd-Funding-DApp/html_report/statistics.json], will be ignored
